# JRE version: OpenJDK Runtime Environment Microsoft-7208460 (11.0.18+10) (build 11.0.18+10-LTS)
# Java VM: OpenJDK 64-Bit Server VM Microsoft-7208460 (11.0.18+10-LTS, mixed mode, tiered, compressed oops, g1 gc, windows-amd64)
Heap:
 garbage-first heap   total 196608K, used 104673K [0x0000000080000000, 0x0000000100000000)
  region size 1024K, 75 young (76800K), 10 survivors (10240K)
 Metaspace       used 55968K, capacity 57518K, committed 57552K, reserved 567296K
  class space    used 7180K, capacity 7807K, committed 7808K, reserved 516096K
GC Heap History (14 events):
Event: 19.995 GC heap before
{Heap before GC invocations=0 (full 0):
 garbage-first heap   total 196608K, used 13312K [0x0000000080000000, 0x0000000100000000)
  region size 1024K, 14 young (14336K), 0 survivors (0K)
 Metaspace       used 6810K, capacity 6985K, committed 7168K, reserved 524288K
  class space    used 575K, capacity 650K, committed 768K, reserved 516096K
}
Event: 21.335 GC heap after
{Heap after GC invocations=1 (full 0):
 garbage-first heap   total 196608K, used 3856K [0x0000000080000000, 0x0000000100000000)
  region size 1024K, 2 young (2048K), 2 survivors (2048K)
 Metaspace       used 6810K, capacity 6985K, committed 7168K, reserved 524288K
  class space    used 575K, capacity 650K, committed 768K, reserved 516096K
}
Event: 39.627 GC heap before
{Heap before GC invocations=1 (full 0):
 garbage-first heap   total 196608K, used 110352K [0x0000000080000000, 0x0000000100000000)
  region size 1024K, 103 young (105472K), 2 survivors (2048K)
 Metaspace       used 20772K, capacity 21182K, committed 21296K, reserved 536576K
  class space    used 2481K, capacity 2650K, committed 2688K, reserved 516096K
}
Event: 39.635 GC heap after
{Heap after GC invocations=2 (full 0):
 garbage-first heap   total 196608K, used 18065K [0x0000000080000000, 0x0000000100000000)
  region size 1024K, 12 young (12288K), 12 survivors (12288K)
 Metaspace       used 20772K, capacity 21182K, committed 21296K, reserved 536576K
  class space    used 2481K, capacity 2650K, committed 2688K, reserved 516096K
}
Event: 43.876 GC heap before
{Heap before GC invocations=3 (full 0):
 garbage-first heap   total 196608K, used 65169K [0x0000000080000000, 0x0000000100000000)
  region size 1024K, 59 young (60416K), 12 survivors (12288K)
 Metaspace       used 25185K, capacity 25749K, committed 25904K, reserved 538624K
  class space    used 3188K, capacity 3387K, committed 3456K, reserved 516096K
}
Event: 43.886 GC heap after
{Heap after GC invocations=4 (full 0):
 garbage-first heap   total 196608K, used 19541K [0x0000000080000000, 0x0000000100000000)
  region size 1024K, 2 young (2048K), 2 survivors (2048K)
 Metaspace       used 25185K, capacity 25749K, committed 25904K, reserved 538624K
  class space    used 3188K, capacity 3387K, committed 3456K, reserved 516096K
}
Event: 50.450 GC heap before
{Heap before GC invocations=4 (full 0):
 garbage-first heap   total 196608K, used 89173K [0x0000000080000000, 0x0000000100000000)
  region size 1024K, 70 young (71680K), 2 survivors (2048K)
 Metaspace       used 32804K, capacity 33585K, committed 33840K, reserved 546816K
  class space    used 4323K, capacity 4622K, committed 4736K, reserved 516096K
}
Event: 50.454 GC heap after
{Heap after GC invocations=5 (full 0):
 garbage-first heap   total 196608K, used 21969K [0x0000000080000000, 0x0000000100000000)
  region size 1024K, 5 young (5120K), 5 survivors (5120K)
 Metaspace       used 32804K, capacity 33585K, committed 33840K, reserved 546816K
  class space    used 4323K, capacity 4622K, committed 4736K, reserved 516096K
}
Event: 51.550 GC heap before
{Heap before GC invocations=5 (full 0):
 garbage-first heap   total 196608K, used 28113K [0x0000000080000000, 0x0000000100000000)
  region size 1024K, 12 young (12288K), 5 survivors (5120K)
 Metaspace       used 34970K, capacity 35826K, committed 35920K, reserved 548864K
  class space    used 4463K, capacity 4815K, committed 4864K, reserved 516096K
}
Event: 51.558 GC heap after
{Heap after GC invocations=6 (full 0):
 garbage-first heap   total 196608K, used 23359K [0x0000000080000000, 0x0000000100000000)
  region size 1024K, 6 young (6144K), 6 survivors (6144K)
 Metaspace       used 34970K, capacity 35826K, committed 35920K, reserved 548864K
  class space    used 4463K, capacity 4815K, committed 4864K, reserved 516096K
}
Event: 126.813 GC heap before
{Heap before GC invocations=7 (full 0):
 garbage-first heap   total 196608K, used 116543K [0x0000000080000000, 0x0000000100000000)
  region size 1024K, 95 young (97280K), 6 survivors (6144K)
 Metaspace       used 42997K, capacity 44179K, committed 44496K, reserved 555008K
  class space    used 5442K, capacity 5921K, committed 6016K, reserved 516096K
}
Event: 126.839 GC heap after
{Heap after GC invocations=8 (full 0):
 garbage-first heap   total 196608K, used 30253K [0x0000000080000000, 0x0000000100000000)
  region size 1024K, 12 young (12288K), 12 survivors (12288K)
 Metaspace       used 42997K, capacity 44179K, committed 44496K, reserved 555008K
  class space    used 5442K, capacity 5921K, committed 6016K, reserved 516096K
}
Event: 145.475 GC heap before
{Heap before GC invocations=9 (full 0):
 garbage-first heap   total 196608K, used 123437K [0x0000000080000000, 0x0000000100000000)
  region size 1024K, 103 young (105472K), 12 survivors (12288K)
 Metaspace       used 49948K, capacity 51371K, committed 51664K, reserved 561152K
  class space    used 6398K, capacity 6974K, committed 7040K, reserved 516096K
}
Event: 145.491 GC heap after
{Heap after GC invocations=10 (full 0):
 garbage-first heap   total 196608K, used 32993K [0x0000000080000000, 0x0000000100000000)
  region size 1024K, 10 young (10240K), 10 survivors (10240K)
 Metaspace       used 49948K, capacity 51371K, committed 51664K, reserved 561152K
  class space    used 6398K, capacity 6974K, committed 7040K, reserved 516096K
}

