# JRE version: OpenJDK Runtime Environment Microsoft-7208460 (11.0.18+10) (build 11.0.18+10-LTS)
# Java VM: OpenJDK 64-Bit Server VM Microsoft-7208460 (11.0.18+10-LTS, mixed mode, tiered, compressed oops, g1 gc, windows-amd64)
Heap:
 garbage-first heap   total 196608K, used 44953K [0x0000000080000000, 0x0000000100000000)
  region size 1024K, 7 young (7168K), 7 survivors (7168K)
 Metaspace       used 61723K, capacity 63485K, committed 63624K, reserved 583680K
  class space    used 8021K, capacity 8751K, committed 8832K, reserved 516096K
GC Heap History (16 events):
Event: 9.425 GC heap before
{Heap before GC invocations=0 (full 0):
 garbage-first heap   total 196608K, used 13312K [0x0000000080000000, 0x0000000100000000)
  region size 1024K, 14 young (14336K), 0 survivors (0K)
 Metaspace       used 6813K, capacity 6989K, committed 7168K, reserved 524288K
  class space    used 575K, capacity 650K, committed 768K, reserved 516096K
}
Event: 10.766 GC heap after
{Heap after GC invocations=1 (full 0):
 garbage-first heap   total 196608K, used 3859K [0x0000000080000000, 0x0000000100000000)
  region size 1024K, 2 young (2048K), 2 survivors (2048K)
 Metaspace       used 6813K, capacity 6989K, committed 7168K, reserved 524288K
  class space    used 575K, capacity 650K, committed 768K, reserved 516096K
}
Event: 27.896 GC heap before
{Heap before GC invocations=1 (full 0):
 garbage-first heap   total 196608K, used 112403K [0x0000000080000000, 0x0000000100000000)
  region size 1024K, 104 young (106496K), 2 survivors (2048K)
 Metaspace       used 20812K, capacity 21193K, committed 21296K, reserved 536576K
  class space    used 2486K, capacity 2652K, committed 2688K, reserved 516096K
}
Event: 27.905 GC heap after
{Heap after GC invocations=2 (full 0):
 garbage-first heap   total 196608K, used 17883K [0x0000000080000000, 0x0000000100000000)
  region size 1024K, 12 young (12288K), 12 survivors (12288K)
 Metaspace       used 20812K, capacity 21193K, committed 21296K, reserved 536576K
  class space    used 2486K, capacity 2652K, committed 2688K, reserved 516096K
}
Event: 32.333 GC heap before
{Heap before GC invocations=3 (full 0):
 garbage-first heap   total 196608K, used 75227K [0x0000000080000000, 0x0000000100000000)
  region size 1024K, 68 young (69632K), 12 survivors (12288K)
 Metaspace       used 26210K, capacity 26778K, committed 27056K, reserved 540672K
  class space    used 3351K, capacity 3559K, committed 3584K, reserved 516096K
}
Event: 32.342 GC heap after
{Heap after GC invocations=4 (full 0):
 garbage-first heap   total 196608K, used 20226K [0x0000000080000000, 0x0000000100000000)
  region size 1024K, 3 young (3072K), 3 survivors (3072K)
 Metaspace       used 26210K, capacity 26778K, committed 27056K, reserved 540672K
  class space    used 3351K, capacity 3559K, committed 3584K, reserved 516096K
}
Event: 40.045 GC heap before
{Heap before GC invocations=4 (full 0):
 garbage-first heap   total 196608K, used 89858K [0x0000000080000000, 0x0000000100000000)
  region size 1024K, 72 young (73728K), 3 survivors (3072K)
 Metaspace       used 34947K, capacity 35798K, committed 35920K, reserved 548864K
  class space    used 4447K, capacity 4783K, committed 4864K, reserved 516096K
}
Event: 40.054 GC heap after
{Heap after GC invocations=5 (full 0):
 garbage-first heap   total 196608K, used 23353K [0x0000000080000000, 0x0000000100000000)
  region size 1024K, 6 young (6144K), 6 survivors (6144K)
 Metaspace       used 34947K, capacity 35798K, committed 35920K, reserved 548864K
  class space    used 4447K, capacity 4783K, committed 4864K, reserved 516096K
}
Event: 112.101 GC heap before
{Heap before GC invocations=6 (full 0):
 garbage-first heap   total 196608K, used 120633K [0x0000000080000000, 0x0000000100000000)
  region size 1024K, 99 young (101376K), 6 survivors (6144K)
 Metaspace       used 42995K, capacity 44184K, committed 44496K, reserved 555008K
  class space    used 5436K, capacity 5921K, committed 6016K, reserved 516096K
}
Event: 112.122 GC heap after
{Heap after GC invocations=7 (full 0):
 garbage-first heap   total 196608K, used 30261K [0x0000000080000000, 0x0000000100000000)
  region size 1024K, 13 young (13312K), 13 survivors (13312K)
 Metaspace       used 42995K, capacity 44184K, committed 44496K, reserved 555008K
  class space    used 5436K, capacity 5921K, committed 6016K, reserved 516096K
}
Event: 131.313 GC heap before
{Heap before GC invocations=7 (full 0):
 garbage-first heap   total 196608K, used 132661K [0x0000000080000000, 0x0000000100000000)
  region size 1024K, 113 young (115712K), 13 survivors (13312K)
 Metaspace       used 51035K, capacity 52379K, committed 52560K, reserved 563200K
  class space    used 6527K, capacity 7073K, committed 7168K, reserved 516096K
}
Event: 131.340 GC heap after
{Heap after GC invocations=8 (full 0):
 garbage-first heap   total 196608K, used 32438K [0x0000000080000000, 0x0000000100000000)
  region size 1024K, 10 young (10240K), 10 survivors (10240K)
 Metaspace       used 51035K, capacity 52379K, committed 52560K, reserved 563200K
  class space    used 6527K, capacity 7073K, committed 7168K, reserved 516096K
}
Event: 145.470 GC heap before
{Heap before GC invocations=8 (full 0):
 garbage-first heap   total 196608K, used 124598K [0x0000000080000000, 0x0000000100000000)
  region size 1024K, 95 young (97280K), 10 survivors (10240K)
 Metaspace       used 58386K, capacity 60139K, committed 60296K, reserved 569344K
  class space    used 7541K, capacity 8255K, committed 8320K, reserved 516096K
}
Event: 145.497 GC heap after
{Heap after GC invocations=9 (full 0):
 garbage-first heap   total 196608K, used 44033K [0x0000000080000000, 0x0000000100000000)
  region size 1024K, 9 young (9216K), 9 survivors (9216K)
 Metaspace       used 58386K, capacity 60139K, committed 60296K, reserved 569344K
  class space    used 7541K, capacity 8255K, committed 8320K, reserved 516096K
}
Event: 150.029 GC heap before
{Heap before GC invocations=10 (full 0):
 garbage-first heap   total 196608K, used 84993K [0x0000000080000000, 0x0000000100000000)
  region size 1024K, 50 young (51200K), 9 survivors (9216K)
 Metaspace       used 61723K, capacity 63485K, committed 63624K, reserved 581632K
  class space    used 8021K, capacity 8751K, committed 8832K, reserved 516096K
}
Event: 150.042 GC heap after
{Heap after GC invocations=11 (full 0):
 garbage-first heap   total 196608K, used 44953K [0x0000000080000000, 0x0000000100000000)
  region size 1024K, 7 young (7168K), 7 survivors (7168K)
 Metaspace       used 61723K, capacity 63485K, committed 63624K, reserved 581632K
  class space    used 8021K, capacity 8751K, committed 8832K, reserved 516096K
}

