# JRE version: OpenJDK Runtime Environment Microsoft-7208460 (11.0.18+10) (build 11.0.18+10-LTS)
# Java VM: OpenJDK 64-Bit Server VM Microsoft-7208460 (11.0.18+10-LTS, mixed mode, tiered, compressed oops, g1 gc, windows-amd64)
Heap:
 garbage-first heap   total 196608K, used 95762K [0x0000000080000000, 0x0000000100000000)
  region size 1024K, 78 young (79872K), 13 survivors (13312K)
 Metaspace       used 49126K, capacity 50403K, committed 50512K, reserved 561152K
  class space    used 6289K, capacity 6818K, committed 6912K, reserved 516096K
GC Heap History (10 events):
Event: 8.907 GC heap before
{Heap before GC invocations=0 (full 0):
 garbage-first heap   total 196608K, used 13312K [0x0000000080000000, 0x0000000100000000)
  region size 1024K, 14 young (14336K), 0 survivors (0K)
 Metaspace       used 6823K, capacity 7057K, committed 7424K, reserved 524288K
  class space    used 575K, capacity 650K, committed 768K, reserved 516096K
}
Event: 9.515 GC heap after
{Heap after GC invocations=1 (full 0):
 garbage-first heap   total 196608K, used 3858K [0x0000000080000000, 0x0000000100000000)
  region size 1024K, 2 young (2048K), 2 survivors (2048K)
 Metaspace       used 6823K, capacity 7057K, committed 7424K, reserved 524288K
  class space    used 575K, capacity 650K, committed 768K, reserved 516096K
}
Event: 41.343 GC heap before
{Heap before GC invocations=1 (full 0):
 garbage-first heap   total 196608K, used 110354K [0x0000000080000000, 0x0000000100000000)
  region size 1024K, 102 young (104448K), 2 survivors (2048K)
 Metaspace       used 20754K, capacity 21158K, committed 21296K, reserved 536576K
  class space    used 2474K, capacity 2618K, committed 2688K, reserved 516096K
}
Event: 41.354 GC heap after
{Heap after GC invocations=2 (full 0):
 garbage-first heap   total 196608K, used 18625K [0x0000000080000000, 0x0000000100000000)
  region size 1024K, 13 young (13312K), 13 survivors (13312K)
 Metaspace       used 20754K, capacity 21158K, committed 21296K, reserved 536576K
  class space    used 2474K, capacity 2618K, committed 2688K, reserved 516096K
}
Event: 48.079 GC heap before
{Heap before GC invocations=3 (full 0):
 garbage-first heap   total 196608K, used 74945K [0x0000000080000000, 0x0000000100000000)
  region size 1024K, 68 young (69632K), 13 survivors (13312K)
 Metaspace       used 26178K, capacity 26773K, committed 27056K, reserved 540672K
  class space    used 3340K, capacity 3556K, committed 3584K, reserved 516096K
}
Event: 48.091 GC heap after
{Heap after GC invocations=4 (full 0):
 garbage-first heap   total 196608K, used 20094K [0x0000000080000000, 0x0000000100000000)
  region size 1024K, 3 young (3072K), 3 survivors (3072K)
 Metaspace       used 26178K, capacity 26773K, committed 27056K, reserved 540672K
  class space    used 3340K, capacity 3556K, committed 3584K, reserved 516096K
}
Event: 55.865 GC heap before
{Heap before GC invocations=4 (full 0):
 garbage-first heap   total 196608K, used 88702K [0x0000000080000000, 0x0000000100000000)
  region size 1024K, 71 young (72704K), 3 survivors (3072K)
 Metaspace       used 34942K, capacity 35801K, committed 35920K, reserved 548864K
  class space    used 4446K, capacity 4783K, committed 4864K, reserved 516096K
}
Event: 55.876 GC heap after
{Heap after GC invocations=5 (full 0):
 garbage-first heap   total 196608K, used 23275K [0x0000000080000000, 0x0000000100000000)
  region size 1024K, 6 young (6144K), 6 survivors (6144K)
 Metaspace       used 34942K, capacity 35801K, committed 35920K, reserved 548864K
  class space    used 4446K, capacity 4783K, committed 4864K, reserved 516096K
}
Event: 122.074 GC heap before
{Heap before GC invocations=6 (full 0):
 garbage-first heap   total 196608K, used 128747K [0x0000000080000000, 0x0000000100000000)
  region size 1024K, 107 young (109568K), 6 survivors (6144K)
 Metaspace       used 43280K, capacity 44485K, committed 44752K, reserved 555008K
  class space    used 5467K, capacity 5957K, committed 6016K, reserved 516096K
}
Event: 122.090 GC heap after
{Heap after GC invocations=7 (full 0):
 garbage-first heap   total 196608K, used 30226K [0x0000000080000000, 0x0000000100000000)
  region size 1024K, 13 young (13312K), 13 survivors (13312K)
 Metaspace       used 43280K, capacity 44485K, committed 44752K, reserved 555008K
  class space    used 5467K, capacity 5957K, committed 6016K, reserved 516096K
}

